<?xml version="1.0" encoding="UTF-8"?>
<testsuite xmlns:xsi="http://www.w3.org/2001/XMLSchema-instance" xsi:noNamespaceSchemaLocation="https://maven.apache.org/surefire/maven-surefire-plugin/xsd/surefire-test-report-3.0.xsd" version="3.0" name="com.example.weather.WeatherApplicationTests" time="6.369" tests="1" errors="0" skipped="0" failures="0">
  <properties>
[...]
</properties>
  <testcase name="contextLoads" classname="com.example.weather.WeatherApplicationTests" time="0.196">
    <system-out><![CDATA[11:05:43.346 [main] INFO org.springframework.test.context.support.AnnotationConfigContextLoaderUtils -- Could not detect default configuration classes for test class [com.example.weather.WeatherApplicationTests]: WeatherApplicationTests does not declare any static, non-private, non-final, nested classes annotated with @Configuration.
11:05:43.420 [main] INFO org.springframework.boot.test.context.SpringBootTestContextBootstrapper -- Found @SpringBootConfiguration com.example.weather.WeatherApplication for test class com.example.weather.WeatherApplicationTests

  .   ____          _            __ _ _
 /\\ / ___'_ __ _ _(_)_ __  __ _ \ \ \ \
( ( )\___ | '_ | '_| | '_ \/ _` | \ \ \ \
 \\/  ___)| |_)| | | | | || (_| |  ) ) ) )
  '  |____| .__|_| |_|_| |_\__, | / / / /
 =========|_|==============|___/=/_/_/_/
 :: Spring Boot ::                (v3.1.4)

2023-10-21T11:05:44.754+03:00  INFO 7916 --- [           main] c.e.weather.WeatherApplicationTests      : Starting WeatherApplicationTests using Java 20.0.1 with PID 7916 (started by ANASTASIYA in C:\Users\ANASTASIYA\IdeaProjects\Новая папка\weather)
2023-10-21T11:05:44.756+03:00  INFO 7916 --- [           main] c.e.weather.WeatherApplicationTests      : No active profile set, falling back to 1 default profile: "default"
2023-10-21T11:05:45.243+03:00  INFO 7916 --- [           main] .s.d.r.c.RepositoryConfigurationDelegate : Bootstrapping Spring Data JPA repositories in DEFAULT mode.
2023-10-21T11:05:45.263+03:00  INFO 7916 --- [           main] .s.d.r.c.RepositoryConfigurationDelegate : Finished Spring Data repository scanning in 12 ms. Found 0 JPA repository interfaces.
2023-10-21T11:05:45.430+03:00  INFO 7916 --- [           main] o.s.cloud.context.scope.GenericScope     : BeanFactory id=696455f5-bacc-3d87-b4d1-4dda1c494ce4
2023-10-21T11:05:45.689+03:00  INFO 7916 --- [           main] com.zaxxer.hikari.HikariDataSource       : HikariPool-1 - Starting...
2023-10-21T11:05:45.804+03:00  INFO 7916 --- [           main] com.zaxxer.hikari.pool.HikariPool        : HikariPool-1 - Added connection conn0: url=jdbc:h2:mem:c58c6371-aa49-47ff-a123-6217e3191fdf user=SA
2023-10-21T11:05:45.805+03:00  INFO 7916 --- [           main] com.zaxxer.hikari.HikariDataSource       : HikariPool-1 - Start completed.
2023-10-21T11:05:45.833+03:00  INFO 7916 --- [           main] o.hibernate.jpa.internal.util.LogHelper  : HHH000204: Processing PersistenceUnitInfo [name: default]
2023-10-21T11:05:45.877+03:00  INFO 7916 --- [           main] org.hibernate.Version                    : HHH000412: Hibernate ORM core version 6.2.9.Final
2023-10-21T11:05:45.880+03:00  INFO 7916 --- [           main] org.hibernate.cfg.Environment            : HHH000406: Using bytecode reflection optimizer
2023-10-21T11:05:45.979+03:00  INFO 7916 --- [           main] o.h.b.i.BytecodeProviderInitiator        : HHH000021: Bytecode provider name : bytebuddy
2023-10-21T11:05:46.077+03:00  INFO 7916 --- [           main] o.s.o.j.p.SpringPersistenceUnitInfo      : No LoadTimeWeaver setup: ignoring JPA class transformer
2023-10-21T11:05:46.175+03:00  INFO 7916 --- [           main] o.h.b.i.BytecodeProviderInitiator        : HHH000021: Bytecode provider name : bytebuddy
2023-10-21T11:05:46.314+03:00  INFO 7916 --- [           main] o.h.e.t.j.p.i.JtaPlatformInitiator       : HHH000490: Using JtaPlatform implementation: [org.hibernate.engine.transaction.jta.platform.internal.NoJtaPlatform]
2023-10-21T11:05:46.317+03:00  INFO 7916 --- [           main] j.LocalContainerEntityManagerFactoryBean : Initialized JPA EntityManagerFactory for persistence unit 'default'
2023-10-21T11:05:46.667+03:00  WARN 7916 --- [           main] JpaBaseConfiguration$JpaWebConfiguration : spring.jpa.open-in-view is enabled by default. Therefore, database queries may be performed during view rendering. Explicitly configure spring.jpa.open-in-view to disable this warning
2023-10-21T11:05:47.970+03:00  INFO 7916 --- [           main] o.s.cloud.commons.util.InetUtils         : Cannot determine local hostname
2023-10-21T11:05:48.024+03:00  INFO 7916 --- [           main] DiscoveryClientOptionalArgsConfiguration : Eureka HTTP Client uses RestTemplate.
2023-10-21T11:05:49.071+03:00  INFO 7916 --- [           main] o.s.cloud.commons.util.InetUtils         : Cannot determine local hostname
2023-10-21T11:05:49.145+03:00  INFO 7916 --- [           main] o.s.c.n.eureka.InstanceInfoFactory       : Setting initial instance status as: STARTING
2023-10-21T11:05:49.207+03:00  INFO 7916 --- [           main] com.netflix.discovery.DiscoveryClient    : Initializing Eureka in region us-east-1
2023-10-21T11:05:49.210+03:00  INFO 7916 --- [           main] c.n.d.s.r.aws.ConfigClusterResolver      : Resolving eureka endpoints via configuration
2023-10-21T11:05:49.224+03:00  INFO 7916 --- [           main] com.netflix.discovery.DiscoveryClient    : Disable delta property : false
2023-10-21T11:05:49.224+03:00  INFO 7916 --- [           main] com.netflix.discovery.DiscoveryClient    : Single vip registry refresh property : null
2023-10-21T11:05:49.224+03:00  INFO 7916 --- [           main] com.netflix.discovery.DiscoveryClient    : Force full registry fetch : false
2023-10-21T11:05:49.224+03:00  INFO 7916 --- [           main] com.netflix.discovery.DiscoveryClient    : Application is null : false
2023-10-21T11:05:49.224+03:00  INFO 7916 --- [           main] com.netflix.discovery.DiscoveryClient    : Registered Applications size is zero : true
2023-10-21T11:05:49.224+03:00  INFO 7916 --- [           main] com.netflix.discovery.DiscoveryClient    : Application version is -1: true
2023-10-21T11:05:49.224+03:00  INFO 7916 --- [           main] com.netflix.discovery.DiscoveryClient    : Getting all instance registry info from the eureka server
2023-10-21T11:05:49.367+03:00  INFO 7916 --- [           main] com.netflix.discovery.DiscoveryClient    : The response status is 200
2023-10-21T11:05:49.370+03:00  INFO 7916 --- [           main] com.netflix.discovery.DiscoveryClient    : Starting heartbeat executor: renew interval is: 30
2023-10-21T11:05:49.372+03:00  INFO 7916 --- [           main] c.n.discovery.InstanceInfoReplicator     : InstanceInfoReplicator onDemand update allowed rate per min is 4
2023-10-21T11:05:49.375+03:00  INFO 7916 --- [           main] com.netflix.discovery.DiscoveryClient    : Discovery Client initialized at timestamp 1697875549375 with initial instances count: 5
2023-10-21T11:05:49.378+03:00  INFO 7916 --- [           main] o.s.c.n.e.s.EurekaServiceRegistry        : Registering application WEATHER-INFO-SERVICE with eureka with status UP
2023-10-21T11:05:49.378+03:00  INFO 7916 --- [           main] com.netflix.discovery.DiscoveryClient    : Saw local status change event StatusChangeEvent [timestamp=1697875549378, current=UP, previous=STARTING]
2023-10-21T11:05:49.379+03:00  INFO 7916 --- [nfoReplicator-0] com.netflix.discovery.DiscoveryClient    : DiscoveryClient_WEATHER-INFO-SERVICE/localhost:weather-info-service:8086: registering service...
2023-10-21T11:05:49.387+03:00  INFO 7916 --- [           main] c.e.weather.WeatherApplicationTests      : Started WeatherApplicationTests in 5.865 seconds (process running for 6.577)
2023-10-21T11:05:49.412+03:00  INFO 7916 --- [nfoReplicator-0] com.netflix.discovery.DiscoveryClient    : DiscoveryClient_WEATHER-INFO-SERVICE/localhost:weather-info-service:8086 - registration status: 204
]]></system-out>
  </testcase>
</testsuite>