<?xml version="1.0" encoding="UTF-8"?>
<testsuite xmlns:xsi="http://www.w3.org/2001/XMLSchema-instance" xsi:noNamespaceSchemaLocation="https://maven.apache.org/surefire/maven-surefire-plugin/xsd/surefire-test-report-3.0.xsd" version="3.0" name="com.example.location.LocationApplicationTests" time="7.99" tests="1" errors="0" skipped="0" failures="0">
  <properties>
[...]
</properties>
  <testcase name="contextLoads" classname="com.example.location.LocationApplicationTests" time="0.113">
    <system-out><![CDATA[10:56:35.724 [main] INFO org.springframework.test.context.support.AnnotationConfigContextLoaderUtils -- Could not detect default configuration classes for test class [com.example.location.LocationApplicationTests]: LocationApplicationTests does not declare any static, non-private, non-final, nested classes annotated with @Configuration.
10:56:35.800 [main] INFO org.springframework.boot.test.context.SpringBootTestContextBootstrapper -- Found @SpringBootConfiguration com.example.location.LocationApplication for test class com.example.location.LocationApplicationTests

  .   ____          _            __ _ _
 /\\ / ___'_ __ _ _(_)_ __  __ _ \ \ \ \
( ( )\___ | '_ | '_| | '_ \/ _` | \ \ \ \
 \\/  ___)| |_)| | | | | || (_| |  ) ) ) )
  '  |____| .__|_| |_|_| |_\__, | / / / /
 =========|_|==============|___/=/_/_/_/
 :: Spring Boot ::                (v3.1.4)

2023-10-21T10:56:37.180+03:00  INFO 11316 --- [           main] c.e.location.LocationApplicationTests    : Starting LocationApplicationTests using Java 20.0.1 with PID 11316 (started by ANASTASIYA in C:\Users\ANASTASIYA\IdeaProjects\Новая папка\location)
2023-10-21T10:56:37.182+03:00  INFO 11316 --- [           main] c.e.location.LocationApplicationTests    : No active profile set, falling back to 1 default profile: "default"
2023-10-21T10:56:37.757+03:00  INFO 11316 --- [           main] .s.d.r.c.RepositoryConfigurationDelegate : Bootstrapping Spring Data JPA repositories in DEFAULT mode.
2023-10-21T10:56:37.851+03:00  INFO 11316 --- [           main] .s.d.r.c.RepositoryConfigurationDelegate : Finished Spring Data repository scanning in 83 ms. Found 1 JPA repository interfaces.
2023-10-21T10:56:38.025+03:00  INFO 11316 --- [           main] o.s.cloud.context.scope.GenericScope     : BeanFactory id=d59a528d-a5ed-3bcc-ac2a-c730c19cb1a4
2023-10-21T10:56:38.132+03:00  INFO 11316 --- [           main] trationDelegate$BeanPostProcessorChecker : Bean 'org.springframework.cloud.client.loadbalancer.reactive.LoadBalancerBeanPostProcessorAutoConfiguration' of type [org.springframework.cloud.client.loadbalancer.reactive.LoadBalancerBeanPostProcessorAutoConfiguration] is not eligible for getting processed by all BeanPostProcessors (for example: not eligible for auto-proxying)
2023-10-21T10:56:38.133+03:00  INFO 11316 --- [           main] trationDelegate$BeanPostProcessorChecker : Bean 'org.springframework.cloud.client.loadbalancer.reactive.LoadBalancerBeanPostProcessorAutoConfiguration$ReactorDeferringLoadBalancerFilterConfig' of type [org.springframework.cloud.client.loadbalancer.reactive.LoadBalancerBeanPostProcessorAutoConfiguration$ReactorDeferringLoadBalancerFilterConfig] is not eligible for getting processed by all BeanPostProcessors (for example: not eligible for auto-proxying)
2023-10-21T10:56:38.135+03:00  INFO 11316 --- [           main] trationDelegate$BeanPostProcessorChecker : Bean 'reactorDeferringLoadBalancerExchangeFilterFunction' of type [org.springframework.cloud.client.loadbalancer.reactive.DeferringLoadBalancerExchangeFilterFunction] is not eligible for getting processed by all BeanPostProcessors (for example: not eligible for auto-proxying)
2023-10-21T10:56:38.244+03:00  INFO 11316 --- [           main] o.hibernate.jpa.internal.util.LogHelper  : HHH000204: Processing PersistenceUnitInfo [name: default]
2023-10-21T10:56:38.281+03:00  INFO 11316 --- [           main] org.hibernate.Version                    : HHH000412: Hibernate ORM core version 6.2.9.Final
2023-10-21T10:56:38.282+03:00  INFO 11316 --- [           main] org.hibernate.cfg.Environment            : HHH000406: Using bytecode reflection optimizer
2023-10-21T10:56:38.395+03:00  INFO 11316 --- [           main] o.h.b.i.BytecodeProviderInitiator        : HHH000021: Bytecode provider name : bytebuddy
2023-10-21T10:56:38.506+03:00  INFO 11316 --- [           main] o.s.o.j.p.SpringPersistenceUnitInfo      : No LoadTimeWeaver setup: ignoring JPA class transformer
2023-10-21T10:56:38.525+03:00  INFO 11316 --- [           main] com.zaxxer.hikari.HikariDataSource       : HikariPool-1 - Starting...
2023-10-21T10:56:38.700+03:00  INFO 11316 --- [           main] com.zaxxer.hikari.pool.HikariPool        : HikariPool-1 - Added connection conn0: url=jdbc:h2:file:./location-db user=SA
2023-10-21T10:56:38.702+03:00  INFO 11316 --- [           main] com.zaxxer.hikari.HikariDataSource       : HikariPool-1 - Start completed.
2023-10-21T10:56:38.849+03:00  INFO 11316 --- [           main] o.h.b.i.BytecodeProviderInitiator        : HHH000021: Bytecode provider name : bytebuddy
2023-10-21T10:56:39.196+03:00  INFO 11316 --- [           main] o.h.e.t.j.p.i.JtaPlatformInitiator       : HHH000490: Using JtaPlatform implementation: [org.hibernate.engine.transaction.jta.platform.internal.NoJtaPlatform]
2023-10-21T10:56:39.218+03:00  INFO 11316 --- [           main] j.LocalContainerEntityManagerFactoryBean : Initialized JPA EntityManagerFactory for persistence unit 'default'
2023-10-21T10:56:39.644+03:00  WARN 11316 --- [           main] JpaBaseConfiguration$JpaWebConfiguration : spring.jpa.open-in-view is enabled by default. Therefore, database queries may be performed during view rendering. Explicitly configure spring.jpa.open-in-view to disable this warning
2023-10-21T10:56:39.849+03:00  INFO 11316 --- [           main] o.s.b.a.h2.H2ConsoleAutoConfiguration    : H2 console available at '/h2-console'. Database available at 'jdbc:h2:file:./location-db'
2023-10-21T10:56:40.928+03:00  INFO 11316 --- [           main] o.s.cloud.commons.util.InetUtils         : Cannot determine local hostname
2023-10-21T10:56:40.953+03:00  INFO 11316 --- [           main] DiscoveryClientOptionalArgsConfiguration : Eureka HTTP Client uses RestTemplate.
2023-10-21T10:56:42.001+03:00  INFO 11316 --- [           main] o.s.cloud.commons.util.InetUtils         : Cannot determine local hostname
2023-10-21T10:56:43.057+03:00  INFO 11316 --- [           main] o.s.cloud.commons.util.InetUtils         : Cannot determine local hostname
2023-10-21T10:56:43.118+03:00  WARN 11316 --- [           main] iguration$LoadBalancerCaffeineWarnLogger : Spring Cloud LoadBalancer is currently working with the default cache. While this cache implementation is useful for development and tests, it's recommended to use Caffeine cache in production.You can switch to using Caffeine cache, by adding it and org.springframework.cache.caffeine.CaffeineCacheManager to the classpath.
2023-10-21T10:56:43.132+03:00  INFO 11316 --- [           main] o.s.c.n.eureka.InstanceInfoFactory       : Setting initial instance status as: STARTING
2023-10-21T10:56:43.206+03:00  INFO 11316 --- [           main] com.netflix.discovery.DiscoveryClient    : Initializing Eureka in region us-east-1
2023-10-21T10:56:43.211+03:00  INFO 11316 --- [           main] c.n.d.s.r.aws.ConfigClusterResolver      : Resolving eureka endpoints via configuration
2023-10-21T10:56:43.227+03:00  INFO 11316 --- [           main] com.netflix.discovery.DiscoveryClient    : Disable delta property : false
2023-10-21T10:56:43.227+03:00  INFO 11316 --- [           main] com.netflix.discovery.DiscoveryClient    : Single vip registry refresh property : null
2023-10-21T10:56:43.227+03:00  INFO 11316 --- [           main] com.netflix.discovery.DiscoveryClient    : Force full registry fetch : false
2023-10-21T10:56:43.227+03:00  INFO 11316 --- [           main] com.netflix.discovery.DiscoveryClient    : Application is null : false
2023-10-21T10:56:43.227+03:00  INFO 11316 --- [           main] com.netflix.discovery.DiscoveryClient    : Registered Applications size is zero : true
2023-10-21T10:56:43.227+03:00  INFO 11316 --- [           main] com.netflix.discovery.DiscoveryClient    : Application version is -1: true
2023-10-21T10:56:43.227+03:00  INFO 11316 --- [           main] com.netflix.discovery.DiscoveryClient    : Getting all instance registry info from the eureka server
2023-10-21T10:56:43.464+03:00  INFO 11316 --- [           main] com.netflix.discovery.DiscoveryClient    : The response status is 200
2023-10-21T10:56:43.466+03:00  INFO 11316 --- [           main] com.netflix.discovery.DiscoveryClient    : Starting heartbeat executor: renew interval is: 30
2023-10-21T10:56:43.468+03:00  INFO 11316 --- [           main] c.n.discovery.InstanceInfoReplicator     : InstanceInfoReplicator onDemand update allowed rate per min is 4
2023-10-21T10:56:43.471+03:00  INFO 11316 --- [           main] com.netflix.discovery.DiscoveryClient    : Discovery Client initialized at timestamp 1697875003471 with initial instances count: 3
2023-10-21T10:56:43.473+03:00  INFO 11316 --- [           main] o.s.c.n.e.s.EurekaServiceRegistry        : Registering application LOCATION-SERVICE with eureka with status UP
2023-10-21T10:56:43.473+03:00  INFO 11316 --- [           main] com.netflix.discovery.DiscoveryClient    : Saw local status change event StatusChangeEvent [timestamp=1697875003473, current=UP, previous=STARTING]
2023-10-21T10:56:43.474+03:00  INFO 11316 --- [nfoReplicator-0] com.netflix.discovery.DiscoveryClient    : DiscoveryClient_LOCATION-SERVICE/localhost:location-service:8088: registering service...
2023-10-21T10:56:43.481+03:00  INFO 11316 --- [           main] c.e.location.LocationApplicationTests    : Started LocationApplicationTests in 7.576 seconds (process running for 8.389)
2023-10-21T10:56:43.503+03:00  INFO 11316 --- [nfoReplicator-0] com.netflix.discovery.DiscoveryClient    : DiscoveryClient_LOCATION-SERVICE/localhost:location-service:8088 - registration status: 204
]]></system-out>
  </testcase>
</testsuite>