<?xml version="1.0" encoding="UTF-8"?>
<testsuite xmlns:xsi="http://www.w3.org/2001/XMLSchema-instance" xsi:noNamespaceSchemaLocation="https://maven.apache.org/surefire/maven-surefire-plugin/xsd/surefire-test-report-3.0.xsd" version="3.0" name="com.example.person.ApplicationTests" time="6.716" tests="1" errors="0" skipped="0" failures="0">
  <properties>
[...]
</properties>
  <testcase name="contextLoads" classname="com.example.person.ApplicationTests" time="0.124">
    <system-out><![CDATA[11:04:01.341 [main] INFO org.springframework.test.context.support.AnnotationConfigContextLoaderUtils -- Could not detect default configuration classes for test class [com.example.person.ApplicationTests]: ApplicationTests does not declare any static, non-private, non-final, nested classes annotated with @Configuration.
11:04:01.409 [main] INFO org.springframework.boot.test.context.SpringBootTestContextBootstrapper -- Found @SpringBootConfiguration com.example.person.Application for test class com.example.person.ApplicationTests

  .   ____          _            __ _ _
 /\\ / ___'_ __ _ _(_)_ __  __ _ \ \ \ \
( ( )\___ | '_ | '_| | '_ \/ _` | \ \ \ \
 \\/  ___)| |_)| | | | | || (_| |  ) ) ) )
  '  |____| .__|_| |_|_| |_\__, | / / / /
 =========|_|==============|___/=/_/_/_/
 :: Spring Boot ::                (v3.1.4)

2023-10-21T11:04:02.751+03:00  INFO 14592 --- [           main] com.example.person.ApplicationTests      : Starting ApplicationTests using Java 20.0.1 with PID 14592 (started by ANASTASIYA in C:\Users\ANASTASIYA\IdeaProjects\Новая папка\5.2-task-19-person)
2023-10-21T11:04:02.752+03:00  INFO 14592 --- [           main] com.example.person.ApplicationTests      : No active profile set, falling back to 1 default profile: "default"
2023-10-21T11:04:03.247+03:00  INFO 14592 --- [           main] .s.d.r.c.RepositoryConfigurationDelegate : Bootstrapping Spring Data JPA repositories in DEFAULT mode.
2023-10-21T11:04:03.343+03:00  INFO 14592 --- [           main] .s.d.r.c.RepositoryConfigurationDelegate : Finished Spring Data repository scanning in 91 ms. Found 1 JPA repository interfaces.
2023-10-21T11:04:03.503+03:00  INFO 14592 --- [           main] o.s.cloud.context.scope.GenericScope     : BeanFactory id=f8ce16b6-4a96-33ee-97b2-6503ee2b1bb3
2023-10-21T11:04:03.693+03:00  INFO 14592 --- [           main] o.hibernate.jpa.internal.util.LogHelper  : HHH000204: Processing PersistenceUnitInfo [name: default]
2023-10-21T11:04:03.727+03:00  INFO 14592 --- [           main] org.hibernate.Version                    : HHH000412: Hibernate ORM core version 6.2.9.Final
2023-10-21T11:04:03.728+03:00  INFO 14592 --- [           main] org.hibernate.cfg.Environment            : HHH000406: Using bytecode reflection optimizer
2023-10-21T11:04:03.831+03:00  INFO 14592 --- [           main] o.h.b.i.BytecodeProviderInitiator        : HHH000021: Bytecode provider name : bytebuddy
2023-10-21T11:04:03.919+03:00  INFO 14592 --- [           main] o.s.o.j.p.SpringPersistenceUnitInfo      : No LoadTimeWeaver setup: ignoring JPA class transformer
2023-10-21T11:04:03.936+03:00  INFO 14592 --- [           main] com.zaxxer.hikari.HikariDataSource       : HikariPool-1 - Starting...
2023-10-21T11:04:04.093+03:00  INFO 14592 --- [           main] com.zaxxer.hikari.pool.HikariPool        : HikariPool-1 - Added connection conn0: url=jdbc:h2:file:./person-db user=SA
2023-10-21T11:04:04.094+03:00  INFO 14592 --- [           main] com.zaxxer.hikari.HikariDataSource       : HikariPool-1 - Start completed.
2023-10-21T11:04:04.245+03:00  INFO 14592 --- [           main] o.h.b.i.BytecodeProviderInitiator        : HHH000021: Bytecode provider name : bytebuddy
2023-10-21T11:04:04.613+03:00  INFO 14592 --- [           main] o.h.e.t.j.p.i.JtaPlatformInitiator       : HHH000490: Using JtaPlatform implementation: [org.hibernate.engine.transaction.jta.platform.internal.NoJtaPlatform]
2023-10-21T11:04:04.642+03:00  INFO 14592 --- [           main] j.LocalContainerEntityManagerFactoryBean : Initialized JPA EntityManagerFactory for persistence unit 'default'
2023-10-21T11:04:04.965+03:00  WARN 14592 --- [           main] JpaBaseConfiguration$JpaWebConfiguration : spring.jpa.open-in-view is enabled by default. Therefore, database queries may be performed during view rendering. Explicitly configure spring.jpa.open-in-view to disable this warning
2023-10-21T11:04:05.267+03:00  INFO 14592 --- [           main] o.s.b.a.h2.H2ConsoleAutoConfiguration    : H2 console available at '/h2-console'. Database available at 'jdbc:h2:file:./person-db'
2023-10-21T11:04:06.344+03:00  INFO 14592 --- [           main] o.s.cloud.commons.util.InetUtils         : Cannot determine local hostname
2023-10-21T11:04:06.373+03:00  INFO 14592 --- [           main] DiscoveryClientOptionalArgsConfiguration : Eureka HTTP Client uses RestTemplate.
2023-10-21T11:04:07.429+03:00  INFO 14592 --- [           main] o.s.cloud.commons.util.InetUtils         : Cannot determine local hostname
2023-10-21T11:04:07.467+03:00  WARN 14592 --- [           main] iguration$LoadBalancerCaffeineWarnLogger : Spring Cloud LoadBalancer is currently working with the default cache. While this cache implementation is useful for development and tests, it's recommended to use Caffeine cache in production.You can switch to using Caffeine cache, by adding it and org.springframework.cache.caffeine.CaffeineCacheManager to the classpath.
2023-10-21T11:04:07.479+03:00  INFO 14592 --- [           main] o.s.c.n.eureka.InstanceInfoFactory       : Setting initial instance status as: STARTING
2023-10-21T11:04:07.551+03:00  INFO 14592 --- [           main] com.netflix.discovery.DiscoveryClient    : Initializing Eureka in region us-east-1
2023-10-21T11:04:07.554+03:00  INFO 14592 --- [           main] c.n.d.s.r.aws.ConfigClusterResolver      : Resolving eureka endpoints via configuration
2023-10-21T11:04:07.568+03:00  INFO 14592 --- [           main] com.netflix.discovery.DiscoveryClient    : Disable delta property : false
2023-10-21T11:04:07.568+03:00  INFO 14592 --- [           main] com.netflix.discovery.DiscoveryClient    : Single vip registry refresh property : null
2023-10-21T11:04:07.568+03:00  INFO 14592 --- [           main] com.netflix.discovery.DiscoveryClient    : Force full registry fetch : false
2023-10-21T11:04:07.568+03:00  INFO 14592 --- [           main] com.netflix.discovery.DiscoveryClient    : Application is null : false
2023-10-21T11:04:07.568+03:00  INFO 14592 --- [           main] com.netflix.discovery.DiscoveryClient    : Registered Applications size is zero : true
2023-10-21T11:04:07.568+03:00  INFO 14592 --- [           main] com.netflix.discovery.DiscoveryClient    : Application version is -1: true
2023-10-21T11:04:07.568+03:00  INFO 14592 --- [           main] com.netflix.discovery.DiscoveryClient    : Getting all instance registry info from the eureka server
2023-10-21T11:04:07.797+03:00  INFO 14592 --- [           main] com.netflix.discovery.DiscoveryClient    : The response status is 200
2023-10-21T11:04:07.799+03:00  INFO 14592 --- [           main] com.netflix.discovery.DiscoveryClient    : Starting heartbeat executor: renew interval is: 30
2023-10-21T11:04:07.801+03:00  INFO 14592 --- [           main] c.n.discovery.InstanceInfoReplicator     : InstanceInfoReplicator onDemand update allowed rate per min is 4
2023-10-21T11:04:07.805+03:00  INFO 14592 --- [           main] com.netflix.discovery.DiscoveryClient    : Discovery Client initialized at timestamp 1697875447804 with initial instances count: 4
2023-10-21T11:04:07.807+03:00  INFO 14592 --- [           main] o.s.c.n.e.s.EurekaServiceRegistry        : Registering application PERSON-SERVICE with eureka with status UP
2023-10-21T11:04:07.807+03:00  INFO 14592 --- [           main] com.netflix.discovery.DiscoveryClient    : Saw local status change event StatusChangeEvent [timestamp=1697875447807, current=UP, previous=STARTING]
2023-10-21T11:04:07.808+03:00  INFO 14592 --- [nfoReplicator-0] com.netflix.discovery.DiscoveryClient    : DiscoveryClient_PERSON-SERVICE/localhost:person-service:8080: registering service...
2023-10-21T11:04:07.814+03:00  INFO 14592 --- [           main] com.example.person.ApplicationTests      : Started ApplicationTests in 6.314 seconds (process running for 6.915)
2023-10-21T11:04:07.835+03:00  INFO 14592 --- [nfoReplicator-0] com.netflix.discovery.DiscoveryClient    : DiscoveryClient_PERSON-SERVICE/localhost:person-service:8080 - registration status: 204
]]></system-out>
  </testcase>
</testsuite>